<?xml version="1.0" encoding="UTF-8" ?>
<testsuite name="InputTest" timestamp="2013-08-04T00:20:04" hostname="localhost" tests="2" failures="1" errors="0" time="0.522">
  <properties>
[...]
</properties>
  <testcase name="testShallFail" classname="InputTest" time="0.034">
    <failure message="Failing with this error message" type="junit.framework.AssertionFailedError">junit.framework.AssertionFailedError: Failing with this error message
	at InputTest.testShallFail(Unknown Source)
</failure>
  </testcase>
  <testcase name="testDoNothing" classname="InputTest" time="0.0" />
  <system-out><![CDATA[]]></system-out>
  <system-err><![CDATA[]]></system-err>
</testsuite>
