<?xml version="1.0" encoding="UTF-8" ?>
<testsuite name="InputTest" timestamp="2013-07-14T23:21:22" hostname="localhost" tests="2" failures="1" errors="0" time="0.506">
  <properties>
[...]
</properties>
  <testcase name="testDoNothing" classname="InputTest" time="0.005" />
  <testcase name="testShallFail" classname="InputTest" time="0.022">
    <failure message="Failing with this error message" type="junit.framework.AssertionFailedError">junit.framework.AssertionFailedError: Failing with this error message
	at InputTest.testShallFail(Unknown Source)
</failure>
  </testcase>
  <system-out><![CDATA[]]></system-out>
  <system-err><![CDATA[]]></system-err>
</testsuite>
